0 info it worked if it ends with ok
1 verbose cli [ '/usr/bin/node', '/usr/bin/npm', 'run', 'serve' ]
2 info using npm@3.5.2
3 info using node@v8.10.0
4 verbose run-script [ 'preserve', 'serve', 'postserve' ]
5 info lifecycle lms-server@1.0.0~preserve: lms-server@1.0.0
6 silly lifecycle lms-server@1.0.0~preserve: no script for preserve, continuing
7 info lifecycle lms-server@1.0.0~serve: lms-server@1.0.0
8 verbose lifecycle lms-server@1.0.0~serve: unsafe-perm in lifecycle true
9 verbose lifecycle lms-server@1.0.0~serve: PATH: /usr/share/npm/bin/node-gyp-bin:/home/nhanvu/Projects/LMS/lms-server/node_modules/.bin:/tmp/yarn--1541853774940-0.3070729353891779:/home/nhanvu/Projects/LMS/lms-server/node_modules/.bin:/home/nhanvu/.config/yarn/link/node_modules/.bin:/home/nhanvu/Projects/LMS/lms-server/node_modules/.bin:/home/nhanvu/.config/yarn/link/node_modules/.bin:/usr/libexec/lib/node_modules/npm/bin/node-gyp-bin:/usr/lib/node_modules/npm/bin/node-gyp-bin:/usr/bin/node_modules/npm/bin/node-gyp-bin:/home/nhanvu/bin:/usr/local/sbin:/usr/local/bin:/usr/sbin:/usr/bin:/sbin:/bin:/usr/games:/usr/local/games:/home/nhanvu/.yarn/bin
10 verbose lifecycle lms-server@1.0.0~serve: CWD: /home/nhanvu/Projects/LMS/lms-server
11 silly lifecycle lms-server@1.0.0~serve: Args: [ '-c', 'node dist/server.js' ]
12 silly lifecycle lms-server@1.0.0~serve: Returned: code: 1  signal: null
13 info lifecycle lms-server@1.0.0~serve: Failed to exec serve script
14 verbose stack Error: lms-server@1.0.0 serve: `node dist/server.js`
14 verbose stack Exit status 1
14 verbose stack     at EventEmitter.<anonymous> (/usr/share/npm/lib/utils/lifecycle.js:232:16)
14 verbose stack     at emitTwo (events.js:126:13)
14 verbose stack     at EventEmitter.emit (events.js:214:7)
14 verbose stack     at ChildProcess.<anonymous> (/usr/share/npm/lib/utils/spawn.js:24:14)
14 verbose stack     at emitTwo (events.js:126:13)
14 verbose stack     at ChildProcess.emit (events.js:214:7)
14 verbose stack     at maybeClose (internal/child_process.js:925:16)
14 verbose stack     at Process.ChildProcess._handle.onexit (internal/child_process.js:209:5)
15 verbose pkgid lms-server@1.0.0
16 verbose cwd /home/nhanvu/Projects/LMS/lms-server
17 error Linux 4.15.0-38-generic
18 error argv "/usr/bin/node" "/usr/bin/npm" "run" "serve"
19 error node v8.10.0
20 error npm  v3.5.2
21 error code ELIFECYCLE
22 error lms-server@1.0.0 serve: `node dist/server.js`
22 error Exit status 1
23 error Failed at the lms-server@1.0.0 serve script 'node dist/server.js'.
23 error Make sure you have the latest version of node.js and npm installed.
23 error If you do, this is most likely a problem with the lms-server package,
23 error not with npm itself.
23 error Tell the author that this fails on your system:
23 error     node dist/server.js
23 error You can get information on how to open an issue for this project with:
23 error     npm bugs lms-server
23 error Or if that isn't available, you can get their info via:
23 error     npm owner ls lms-server
23 error There is likely additional logging output above.
24 verbose exit [ 1, true ]
